<?xml version="1.0" encoding="UTF-8"?>
<!-- Generated by org.testng.reporters.JUnitReportReporter -->
<testsuite hostname="INBOOK_X1_SLIM" failures="0" tests="2" name="package1.pmo" time="57.786" errors="0" timestamp="2024-11-23T11:34:52 IST" skipped="0">
  <testcase classname="package1.pmo" name="TC_list_of_indian_prime_ministers" time="33.356"/>
  <system-out/>
  <testcase classname="package1.pmo" name="TC_donald_trump_google_search" time="24.430"/>
  <system-out/>
</testsuite> <!-- package1.pmo -->
