<?xml version="1.0" encoding="UTF-8"?>
<!-- Generated by org.testng.reporters.JUnitReportReporter -->
<testsuite hostname="INBOOK_X1_SLIM" failures="0" tests="1" name="package1.extentReports" time="30.509" errors="0" timestamp="2024-11-11T09:54:44 IST" skipped="0">
  <testcase classname="package1.extentReports" name="test1" time="30.509"/>
  <system-out/>
</testsuite> <!-- package1.extentReports -->
