<?xml version="1.0" encoding="UTF-8"?>
<!-- Generated by org.testng.reporters.JUnitReportReporter -->
<testsuite hostname="INBOOK_X1_SLIM" failures="0" tests="1" name="zomato" time="72.052" errors="0" timestamp="2024-10-20T19:17:56 IST" skipped="0">
  <testcase classname="zomato" name="forbes" time="72.052"/>
  <system-out/>
</testsuite> <!-- zomato -->
