<?xml version="1.0" encoding="UTF-8"?>
<!-- Generated by org.testng.reporters.JUnitReportReporter -->
<testsuite hostname="INBOOK_X1_SLIM" failures="0" tests="2" name="practise.testclass1" time="29.764" errors="0" timestamp="2024-11-17T17:58:46 IST" skipped="0">
  <testcase classname="practise.testclass1" name="testcase1" time="5.704"/>
  <system-out/>
  <testcase classname="practise.testclass1" name="testcase2" time="24.060"/>
  <system-out/>
</testsuite> <!-- practise.testclass1 -->
